  Proyecto Final.cpp
C:\Users\SAUL HABRAHAM\Outside Onedrive\Escuela\Computación Gráfica\314041502_ProyectoFinal_Gpo12\ProyectoFinal\ProyectoFinal\Proyecto Final.cpp(285,30): warning C4244: 'inicializando': conversión de 'double' a 'GLfloat'; posible pérdida de datos
C:\Users\SAUL HABRAHAM\Outside Onedrive\Escuela\Computación Gráfica\314041502_ProyectoFinal_Gpo12\ProyectoFinal\ProyectoFinal\Proyecto Final.cpp(248,38): warning C4101: 'nrChannels': variable local sin referencia
C:\Users\SAUL HABRAHAM\Outside Onedrive\Escuela\Computación Gráfica\314041502_ProyectoFinal_Gpo12\ProyectoFinal\ProyectoFinal\Proyecto Final.cpp(248,9): warning C4101: 'textureWidth': variable local sin referencia
C:\Users\SAUL HABRAHAM\Outside Onedrive\Escuela\Computación Gráfica\314041502_ProyectoFinal_Gpo12\ProyectoFinal\ProyectoFinal\Proyecto Final.cpp(250,20): warning C4101: 'image': variable local sin referencia
C:\Users\SAUL HABRAHAM\Outside Onedrive\Escuela\Computación Gráfica\314041502_ProyectoFinal_Gpo12\ProyectoFinal\ProyectoFinal\Proyecto Final.cpp(248,23): warning C4101: 'textureHeight': variable local sin referencia
C:\Users\SAUL HABRAHAM\Outside Onedrive\Escuela\Computación Gráfica\314041502_ProyectoFinal_Gpo12\ProyectoFinal\ProyectoFinal\Proyecto Final.cpp(600,20): warning C4305: '+=': truncamiento de 'double' a 'float'
C:\Users\SAUL HABRAHAM\Outside Onedrive\Escuela\Computación Gráfica\314041502_ProyectoFinal_Gpo12\ProyectoFinal\ProyectoFinal\Proyecto Final.cpp(631,17): warning C4244: '=': conversión de 'double' a 'GLfloat'; posible pérdida de datos
C:\Users\SAUL HABRAHAM\Outside Onedrive\Escuela\Computación Gráfica\314041502_ProyectoFinal_Gpo12\ProyectoFinal\ProyectoFinal\Proyecto Final.cpp(632,17): warning C4244: '=': conversión de 'double' a 'GLfloat'; posible pérdida de datos
C:\Users\SAUL HABRAHAM\Outside Onedrive\Escuela\Computación Gráfica\314041502_ProyectoFinal_Gpo12\ProyectoFinal\ProyectoFinal\Proyecto Final.cpp(636,21): warning C4244: 'inicializando': conversión de 'double' a 'GLfloat'; posible pérdida de datos
C:\Users\SAUL HABRAHAM\Outside Onedrive\Escuela\Computación Gráfica\314041502_ProyectoFinal_Gpo12\ProyectoFinal\ProyectoFinal\Proyecto Final.cpp(637,21): warning C4244: 'inicializando': conversión de 'double' a 'GLfloat'; posible pérdida de datos
C:\Users\SAUL HABRAHAM\Outside Onedrive\Escuela\Computación Gráfica\314041502_ProyectoFinal_Gpo12\ProyectoFinal\ProyectoFinal\Proyecto Final.cpp(639,13): warning C4244: '=': conversión de 'double' a 'GLfloat'; posible pérdida de datos
C:\Users\SAUL HABRAHAM\Outside Onedrive\Escuela\Computación Gráfica\314041502_ProyectoFinal_Gpo12\ProyectoFinal\ProyectoFinal\Proyecto Final.cpp(640,13): warning C4244: '=': conversión de 'double' a 'GLfloat'; posible pérdida de datos
soil2-debug.lib(SOIL2.obj) : warning LNK4075: se omite '/EDITANDCONTINUE' debido a la especificación '/OPT:ICF'
LINK : warning LNK4098: la biblioteca predeterminada'MSVCRTD' entra en conflicto con otras bibliotecas; use la biblioteca /NODEFAULTLIB:biblioteca
  Generando código
  1 of 679 functions ( 0.1%) were compiled, the rest were copied from previous compilation.
    0 functions were new in current compilation
    0 functions had inline decision re-evaluated but remain unchanged
  Generación de código finalizada
soil2-debug.lib(etc1_utils.obj) : warning LNK4099: no se encontró PDB 'soil2-debug.pdb' con 'soil2-debug.lib(etc1_utils.obj)' o en 'C:\Users\SAUL HABRAHAM\Outside Onedrive\Escuela\Computación Gráfica\314041502_ProyectoFinal_Gpo12\ProyectoFinal\Release\soil2-debug.pdb'; se vinculará el objeto sin tener en cuenta información de depuración
soil2-debug.lib(image_DXT.obj) : warning LNK4099: no se encontró PDB 'soil2-debug.pdb' con 'soil2-debug.lib(image_DXT.obj)' o en 'C:\Users\SAUL HABRAHAM\Outside Onedrive\Escuela\Computación Gráfica\314041502_ProyectoFinal_Gpo12\ProyectoFinal\Release\soil2-debug.pdb'; se vinculará el objeto sin tener en cuenta información de depuración
soil2-debug.lib(image_helper.obj) : warning LNK4099: no se encontró PDB 'soil2-debug.pdb' con 'soil2-debug.lib(image_helper.obj)' o en 'C:\Users\SAUL HABRAHAM\Outside Onedrive\Escuela\Computación Gráfica\314041502_ProyectoFinal_Gpo12\ProyectoFinal\Release\soil2-debug.pdb'; se vinculará el objeto sin tener en cuenta información de depuración
soil2-debug.lib(SOIL2.obj) : warning LNK4099: no se encontró PDB 'soil2-debug.pdb' con 'soil2-debug.lib(SOIL2.obj)' o en 'C:\Users\SAUL HABRAHAM\Outside Onedrive\Escuela\Computación Gráfica\314041502_ProyectoFinal_Gpo12\ProyectoFinal\Release\soil2-debug.pdb'; se vinculará el objeto sin tener en cuenta información de depuración
  ProyectoFinal.vcxproj -> C:\Users\SAUL HABRAHAM\Outside Onedrive\Escuela\Computación Gráfica\314041502_ProyectoFinal_Gpo12\ProyectoFinal\Release\ProyectoFinal.exe
